FUNCTION print_array : 
    PARAM irVar_xxx3_a
    zero = #0
    irVar_xxx5_i = #0
LABEL L1 :
    irt3mP1 = irVar_xxx5_i
    irt3mP2 = #4
    IF irt3mP1 < irt3mP2 GOTO L2
    GOTO  L3
LABEL L2 :
    irVar_xxx6_j = #0
LABEL L4 :
    irt3mP3 = irVar_xxx6_j
    irt3mP4 = #2
    IF irt3mP3 < irt3mP4 GOTO L5
    GOTO  L6
LABEL L5 :
    irt3mP6 = irVar_xxx3_a
    irt3mP7 = irVar_xxx5_i
    irt3mP8 = #8
    irt3mP7 = irt3mP7 * irt3mP8
    irt3mP6 = irt3mP6 + irt3mP7
    irt3mP9 = irVar_xxx6_j
    irt3mP10 = #4
    irt3mP9 = irt3mP9 * irt3mP10
    irt3mP6 = irt3mP6 + irt3mP9
    irt3mP5 = *irt3mP6
    ARG irt3mP5
    CALL write
    irt3mP11 = irVar_xxx6_j
    irt3mP12 = #1
    irVar_xxx6_j = irt3mP11 + irt3mP12
    GOTO  L4
LABEL L6 :
    irt3mP13 = irVar_xxx5_i
    irt3mP14 = #1
    irVar_xxx5_i = irt3mP13 + irt3mP14
    GOTO  L1
LABEL L3 :
    RETURN 
FUNCTION main : 
    zero = #0
    DEC irVar_xxx8_b #32
    irt3mP15 = irVar_xxx8_b
    irt3mP16 = #0
    irt3mP15 = irt3mP15 + irt3mP16
    irt3mP17 = #0
    irt3mP15 = irt3mP15 + irt3mP17
    *irt3mP15 = zero
    irt3mP18 = #4
    irt3mP15 = irt3mP15 + irt3mP18
    *irt3mP15 = zero
    irt3mP19 = #4
    irt3mP15 = irt3mP15 + irt3mP19
    *irt3mP15 = zero
    irt3mP20 = #4
    irt3mP15 = irt3mP15 + irt3mP20
    *irt3mP15 = zero
    irt3mP21 = #4
    irt3mP15 = irt3mP15 + irt3mP21
    *irt3mP15 = zero
    irt3mP22 = #4
    irt3mP15 = irt3mP15 + irt3mP22
    *irt3mP15 = zero
    irt3mP23 = #4
    irt3mP15 = irt3mP15 + irt3mP23
    *irt3mP15 = zero
    irt3mP24 = #4
    irt3mP15 = irt3mP15 + irt3mP24
    *irt3mP15 = zero
    irt3mP25 = #4
    irt3mP15 = irt3mP15 + irt3mP25
    irt3mP26 = #1
    irt3mP27 = irVar_xxx8_b
    irt3mP28 = #0
    irt3mP27 = irt3mP27 + irt3mP28
    irt3mP29 = #0
    irt3mP27 = irt3mP27 + irt3mP29
    *irt3mP27 = irt3mP26
    irt3mP30 = #2
    irt3mP31 = irVar_xxx8_b
    irt3mP32 = #0
    irt3mP31 = irt3mP31 + irt3mP32
    irt3mP33 = #4
    irt3mP31 = irt3mP31 + irt3mP33
    *irt3mP31 = irt3mP30
    irt3mP34 = #3
    irt3mP35 = irVar_xxx8_b
    irt3mP36 = #8
    irt3mP35 = irt3mP35 + irt3mP36
    irt3mP37 = #0
    irt3mP35 = irt3mP35 + irt3mP37
    *irt3mP35 = irt3mP34
    irt3mP38 = #4
    irt3mP39 = irVar_xxx8_b
    irt3mP40 = #8
    irt3mP39 = irt3mP39 + irt3mP40
    irt3mP41 = #4
    irt3mP39 = irt3mP39 + irt3mP41
    *irt3mP39 = irt3mP38
    irt3mP42 = #5
    irt3mP43 = irVar_xxx8_b
    irt3mP44 = #16
    irt3mP43 = irt3mP43 + irt3mP44
    irt3mP45 = #0
    irt3mP43 = irt3mP43 + irt3mP45
    *irt3mP43 = irt3mP42
    irt3mP46 = #6
    irt3mP47 = irVar_xxx8_b
    irt3mP48 = #16
    irt3mP47 = irt3mP47 + irt3mP48
    irt3mP49 = #4
    irt3mP47 = irt3mP47 + irt3mP49
    *irt3mP47 = irt3mP46
    irt3mP50 = #7
    irt3mP51 = irVar_xxx8_b
    irt3mP52 = #24
    irt3mP51 = irt3mP51 + irt3mP52
    irt3mP53 = #0
    irt3mP51 = irt3mP51 + irt3mP53
    *irt3mP51 = irt3mP50
    irt3mP54 = #8
    irt3mP55 = irVar_xxx8_b
    irt3mP56 = #24
    irt3mP55 = irt3mP55 + irt3mP56
    irt3mP57 = #4
    irt3mP55 = irt3mP55 + irt3mP57
    *irt3mP55 = irt3mP54
    DEC irVar_xxx9_c #32
    irt3mP58 = irVar_xxx9_c
    irt3mP59 = #0
    irt3mP58 = irt3mP58 + irt3mP59
    irt3mP60 = #0
    irt3mP58 = irt3mP58 + irt3mP60
    *irt3mP58 = zero
    irt3mP61 = #4
    irt3mP58 = irt3mP58 + irt3mP61
    *irt3mP58 = zero
    irt3mP62 = #4
    irt3mP58 = irt3mP58 + irt3mP62
    *irt3mP58 = zero
    irt3mP63 = #4
    irt3mP58 = irt3mP58 + irt3mP63
    *irt3mP58 = zero
    irt3mP64 = #4
    irt3mP58 = irt3mP58 + irt3mP64
    *irt3mP58 = zero
    irt3mP65 = #4
    irt3mP58 = irt3mP58 + irt3mP65
    *irt3mP58 = zero
    irt3mP66 = #4
    irt3mP58 = irt3mP58 + irt3mP66
    *irt3mP58 = zero
    irt3mP67 = #4
    irt3mP58 = irt3mP58 + irt3mP67
    *irt3mP58 = zero
    irt3mP68 = #4
    irt3mP58 = irt3mP58 + irt3mP68
    irt3mP69 = irVar_xxx9_c
    irt3mP70 = #0
    irt3mP69 = irt3mP69 + irt3mP70
    irt3mP71 = #0
    irt3mP69 = irt3mP69 + irt3mP71
    *irt3mP69 = zero
    irt3mP72 = #4
    irt3mP69 = irt3mP69 + irt3mP72
    *irt3mP69 = zero
    irt3mP73 = #4
    irt3mP69 = irt3mP69 + irt3mP73
    irt3mP74 = #1
    irt3mP75 = irVar_xxx9_c
    irt3mP76 = #0
    irt3mP75 = irt3mP75 + irt3mP76
    irt3mP77 = #0
    irt3mP75 = irt3mP75 + irt3mP77
    *irt3mP75 = irt3mP74
    irt3mP78 = #2
    irt3mP79 = irVar_xxx9_c
    irt3mP80 = #0
    irt3mP79 = irt3mP79 + irt3mP80
    irt3mP81 = #4
    irt3mP79 = irt3mP79 + irt3mP81
    *irt3mP79 = irt3mP78
    irt3mP82 = irVar_xxx9_c
    irt3mP83 = #8
    irt3mP82 = irt3mP82 + irt3mP83
    irt3mP84 = #0
    irt3mP82 = irt3mP82 + irt3mP84
    *irt3mP82 = zero
    irt3mP85 = #4
    irt3mP82 = irt3mP82 + irt3mP85
    *irt3mP82 = zero
    irt3mP86 = #4
    irt3mP82 = irt3mP82 + irt3mP86
    irt3mP87 = #3
    irt3mP88 = irVar_xxx9_c
    irt3mP89 = #8
    irt3mP88 = irt3mP88 + irt3mP89
    irt3mP90 = #0
    irt3mP88 = irt3mP88 + irt3mP90
    *irt3mP88 = irt3mP87
    irt3mP91 = #4
    irt3mP92 = irVar_xxx9_c
    irt3mP93 = #8
    irt3mP92 = irt3mP92 + irt3mP93
    irt3mP94 = #4
    irt3mP92 = irt3mP92 + irt3mP94
    *irt3mP92 = irt3mP91
    irt3mP95 = irVar_xxx9_c
    irt3mP96 = #16
    irt3mP95 = irt3mP95 + irt3mP96
    irt3mP97 = #0
    irt3mP95 = irt3mP95 + irt3mP97
    *irt3mP95 = zero
    irt3mP98 = #4
    irt3mP95 = irt3mP95 + irt3mP98
    *irt3mP95 = zero
    irt3mP99 = #4
    irt3mP95 = irt3mP95 + irt3mP99
    irt3mP100 = #5
    irt3mP101 = irVar_xxx9_c
    irt3mP102 = #16
    irt3mP101 = irt3mP101 + irt3mP102
    irt3mP103 = #0
    irt3mP101 = irt3mP101 + irt3mP103
    *irt3mP101 = irt3mP100
    irt3mP104 = #6
    irt3mP105 = irVar_xxx9_c
    irt3mP106 = #16
    irt3mP105 = irt3mP105 + irt3mP106
    irt3mP107 = #4
    irt3mP105 = irt3mP105 + irt3mP107
    *irt3mP105 = irt3mP104
    irt3mP108 = irVar_xxx9_c
    irt3mP109 = #24
    irt3mP108 = irt3mP108 + irt3mP109
    irt3mP110 = #0
    irt3mP108 = irt3mP108 + irt3mP110
    *irt3mP108 = zero
    irt3mP111 = #4
    irt3mP108 = irt3mP108 + irt3mP111
    *irt3mP108 = zero
    irt3mP112 = #4
    irt3mP108 = irt3mP108 + irt3mP112
    irt3mP113 = #7
    irt3mP114 = irVar_xxx9_c
    irt3mP115 = #24
    irt3mP114 = irt3mP114 + irt3mP115
    irt3mP116 = #0
    irt3mP114 = irt3mP114 + irt3mP116
    *irt3mP114 = irt3mP113
    irt3mP117 = #8
    irt3mP118 = irVar_xxx9_c
    irt3mP119 = #24
    irt3mP118 = irt3mP118 + irt3mP119
    irt3mP120 = #4
    irt3mP118 = irt3mP118 + irt3mP120
    *irt3mP118 = irt3mP117
    DEC irVar_xxx10_d #32
    irt3mP121 = irVar_xxx10_d
    irt3mP122 = #0
    irt3mP121 = irt3mP121 + irt3mP122
    irt3mP123 = #0
    irt3mP121 = irt3mP121 + irt3mP123
    *irt3mP121 = zero
    irt3mP124 = #4
    irt3mP121 = irt3mP121 + irt3mP124
    *irt3mP121 = zero
    irt3mP125 = #4
    irt3mP121 = irt3mP121 + irt3mP125
    *irt3mP121 = zero
    irt3mP126 = #4
    irt3mP121 = irt3mP121 + irt3mP126
    *irt3mP121 = zero
    irt3mP127 = #4
    irt3mP121 = irt3mP121 + irt3mP127
    *irt3mP121 = zero
    irt3mP128 = #4
    irt3mP121 = irt3mP121 + irt3mP128
    *irt3mP121 = zero
    irt3mP129 = #4
    irt3mP121 = irt3mP121 + irt3mP129
    *irt3mP121 = zero
    irt3mP130 = #4
    irt3mP121 = irt3mP121 + irt3mP130
    *irt3mP121 = zero
    irt3mP131 = #4
    irt3mP121 = irt3mP121 + irt3mP131
    irt3mP132 = #1
    irt3mP133 = irVar_xxx10_d
    irt3mP134 = #0
    irt3mP133 = irt3mP133 + irt3mP134
    irt3mP135 = #0
    irt3mP133 = irt3mP133 + irt3mP135
    *irt3mP133 = irt3mP132
    irt3mP136 = #2
    irt3mP137 = irVar_xxx10_d
    irt3mP138 = #0
    irt3mP137 = irt3mP137 + irt3mP138
    irt3mP139 = #4
    irt3mP137 = irt3mP137 + irt3mP139
    *irt3mP137 = irt3mP136
    irt3mP140 = irVar_xxx10_d
    irt3mP141 = #8
    irt3mP140 = irt3mP140 + irt3mP141
    irt3mP142 = #0
    irt3mP140 = irt3mP140 + irt3mP142
    *irt3mP140 = zero
    irt3mP143 = #4
    irt3mP140 = irt3mP140 + irt3mP143
    *irt3mP140 = zero
    irt3mP144 = #4
    irt3mP140 = irt3mP140 + irt3mP144
    irt3mP145 = #3
    irt3mP146 = irVar_xxx10_d
    irt3mP147 = #8
    irt3mP146 = irt3mP146 + irt3mP147
    irt3mP148 = #0
    irt3mP146 = irt3mP146 + irt3mP148
    *irt3mP146 = irt3mP145
    irt3mP149 = irVar_xxx10_d
    irt3mP150 = #16
    irt3mP149 = irt3mP149 + irt3mP150
    irt3mP151 = #0
    irt3mP149 = irt3mP149 + irt3mP151
    *irt3mP149 = zero
    irt3mP152 = #4
    irt3mP149 = irt3mP149 + irt3mP152
    *irt3mP149 = zero
    irt3mP153 = #4
    irt3mP149 = irt3mP149 + irt3mP153
    irt3mP154 = #5
    irt3mP155 = irVar_xxx10_d
    irt3mP156 = #16
    irt3mP155 = irt3mP155 + irt3mP156
    irt3mP157 = #0
    irt3mP155 = irt3mP155 + irt3mP157
    *irt3mP155 = irt3mP154
    irt3mP158 = #7
    irt3mP159 = irVar_xxx10_d
    irt3mP160 = #24
    irt3mP159 = irt3mP159 + irt3mP160
    irt3mP161 = #0
    irt3mP159 = irt3mP159 + irt3mP161
    *irt3mP159 = irt3mP158
    irt3mP162 = #8
    irt3mP163 = irVar_xxx10_d
    irt3mP164 = #24
    irt3mP163 = irt3mP163 + irt3mP164
    irt3mP165 = #4
    irt3mP163 = irt3mP163 + irt3mP165
    *irt3mP163 = irt3mP162
    irt3mP166 = irVar_xxx10_d
    irt3mP167 = #1
    irt3mP168 = #8
    irt3mP167 = irt3mP167 * irt3mP168
    irt3mP166 = irt3mP166 + irt3mP167
    irt3mP169 = #1
    irt3mP170 = #4
    irt3mP169 = irt3mP169 * irt3mP170
    irt3mP166 = irt3mP166 + irt3mP169
    irt3mP171 = #4
    *irt3mP166 = irt3mP171
    irt3mP172 = irVar_xxx10_d
    irt3mP173 = #2
    irt3mP174 = #8
    irt3mP173 = irt3mP173 * irt3mP174
    irt3mP172 = irt3mP172 + irt3mP173
    irt3mP175 = #1
    irt3mP176 = #4
    irt3mP175 = irt3mP175 * irt3mP176
    irt3mP172 = irt3mP172 + irt3mP175
    irt3mP177 = #6
    *irt3mP172 = irt3mP177
    irt3mP179 = irVar_xxx8_b
    irt3mP178 = irt3mP179
    ARG irt3mP178
    CALL print_array
    irt3mP181 = irVar_xxx9_c
    irt3mP180 = irt3mP181
    ARG irt3mP180
    CALL print_array
    irt3mP183 = irVar_xxx10_d
    irt3mP182 = irt3mP183
    ARG irt3mP182
    CALL print_array
    irt3mP184 = #0
    RETURN irt3mP184
